
        Failure _d: rSMGJcEdF_d==2
  Analysis time _t: (rSMGJcEdF_tT-origin)/365.25
            Origin: time rSMGJcEdF_t0

Iteration 0:  Log likelihood = -54306.231
Iteration 1:  Log likelihood = -48118.832
Iteration 2:  Log likelihood = -46988.196
Iteration 3:  Log likelihood =  -46919.91
Iteration 4:  Log likelihood = -46919.866
Refining estimates:
Iteration 0:  Log likelihood = -46919.866

Cox regression with Breslow method for ties

No. of subjects =     113,599                         Number of obs =  113,599
No. of failures =       4,935
Time at risk    = 998,774.864
                                                      LR chi2(4)    = 14772.73
Log likelihood = -46919.866                           Prob > chi2   =   0.0000

------------------------------------------------------------------------------
          _t | Haz. ratio   Std. err.      z    P>|z|     [95% conf. interval]
-------------+----------------------------------------------------------------
         age |    1.11333   .0010055   118.87   0.000     1.111361    1.115302
      female |   .6109124   .0174449   -17.26   0.000     .5776603    .6460786
             |
        race |
          2  |   1.667216   .0598199    14.25   0.000     1.553999    1.788682
          3  |   1.121514   .0469549     2.74   0.006     1.033159    1.217425
------------------------------------------------------------------------------

     +---------------------------------------------+
     |        s0          _t   age   female   race |
     |---------------------------------------------|
  1. | .99976052   11.277207    44        1      1 |
  2. | .99989723   6.8281999    47        1      1 |
  3. | .99991253   6.1711157    38        1      3 |
  4. | .99992043   5.6919918    38        0      3 |
  5. | .99973805   11.816564    18        1      1 |
     |---------------------------------------------|
  6. | .99999241   .90622861    39        0      1 |
  7. | .99979225   10.472279    47        1      2 |
  8. | .99981142   9.8754278    52        0      1 |
  9. | .99980562   10.064339    40        1      1 |
 10. | .99999932   .08761123    58        0      1 |
     +---------------------------------------------+
